Performing C SOURCE FILE Test CMAKE_HAVE_LIBC_PTHREAD failed with the following output:
Change Dir: /home/ariasjoshua/Desktop/Projects/BlinkPlease/build/CMakeFiles/CMakeTmp

Run Build Command(s):/usr/bin/make cmTC_58f29/fast && /usr/bin/make  -f CMakeFiles/cmTC_58f29.dir/build.make CMakeFiles/cmTC_58f29.dir/build
make[1]: Entering directory '/home/ariasjoshua/Desktop/Projects/BlinkPlease/build/CMakeFiles/CMakeTmp'
Building C object CMakeFiles/cmTC_58f29.dir/src.c.o
/usr/bin/cc -DCMAKE_HAVE_LIBC_PTHREAD   -o CMakeFiles/cmTC_58f29.dir/src.c.o -c /home/ariasjoshua/Desktop/Projects/BlinkPlease/build/CMakeFiles/CMakeTmp/src.c
Linking C executable cmTC_58f29
/opt/cmake-3.19.5-Linux-x86_64/bin/cmake -E cmake_link_script CMakeFiles/cmTC_58f29.dir/link.txt --verbose=1
/usr/bin/cc -rdynamic CMakeFiles/cmTC_58f29.dir/src.c.o -o cmTC_58f29 
CMakeFiles/cmTC_58f29.dir/src.c.o: In function `main':
src.c:(.text+0x3e): undefined reference to `pthread_create'
src.c:(.text+0x4a): undefined reference to `pthread_detach'
src.c:(.text+0x56): undefined reference to `pthread_cancel'
src.c:(.text+0x67): undefined reference to `pthread_join'
src.c:(.text+0x7b): undefined reference to `pthread_atfork'
collect2: error: ld returned 1 exit status
CMakeFiles/cmTC_58f29.dir/build.make:105: recipe for target 'cmTC_58f29' failed
make[1]: *** [cmTC_58f29] Error 1
make[1]: Leaving directory '/home/ariasjoshua/Desktop/Projects/BlinkPlease/build/CMakeFiles/CMakeTmp'
Makefile:140: recipe for target 'cmTC_58f29/fast' failed
make: *** [cmTC_58f29/fast] Error 2


Source file was:
#include <pthread.h>

static void* test_func(void* data)
{
  return data;
}

int main(void)
{
  pthread_t thread;
  pthread_create(&thread, NULL, test_func, NULL);
  pthread_detach(thread);
  pthread_cancel(thread);
  pthread_join(thread, NULL);
  pthread_atfork(NULL, NULL, NULL);
  pthread_exit(NULL);

  return 0;
}

Determining if the function pthread_create exists in the pthreads failed with the following output:
Change Dir: /home/ariasjoshua/Desktop/Projects/BlinkPlease/build/CMakeFiles/CMakeTmp

Run Build Command(s):/usr/bin/make cmTC_60860/fast && /usr/bin/make  -f CMakeFiles/cmTC_60860.dir/build.make CMakeFiles/cmTC_60860.dir/build
make[1]: Entering directory '/home/ariasjoshua/Desktop/Projects/BlinkPlease/build/CMakeFiles/CMakeTmp'
Building C object CMakeFiles/cmTC_60860.dir/CheckFunctionExists.c.o
/usr/bin/cc   -DCHECK_FUNCTION_EXISTS=pthread_create -o CMakeFiles/cmTC_60860.dir/CheckFunctionExists.c.o -c /opt/cmake-3.19.5-Linux-x86_64/share/cmake-3.19/Modules/CheckFunctionExists.c
Linking C executable cmTC_60860
/opt/cmake-3.19.5-Linux-x86_64/bin/cmake -E cmake_link_script CMakeFiles/cmTC_60860.dir/link.txt --verbose=1
/usr/bin/cc  -DCHECK_FUNCTION_EXISTS=pthread_create -rdynamic CMakeFiles/cmTC_60860.dir/CheckFunctionExists.c.o -o cmTC_60860  -lpthreads 
/usr/bin/ld: cannot find -lpthreads
collect2: error: ld returned 1 exit status
CMakeFiles/cmTC_60860.dir/build.make:105: recipe for target 'cmTC_60860' failed
make[1]: *** [cmTC_60860] Error 1
make[1]: Leaving directory '/home/ariasjoshua/Desktop/Projects/BlinkPlease/build/CMakeFiles/CMakeTmp'
Makefile:140: recipe for target 'cmTC_60860/fast' failed
make: *** [cmTC_60860/fast] Error 2



Determining if the function sgemm_ exists failed with the following output:
Change Dir: /home/ariasjoshua/Desktop/Projects/BlinkPlease/build/CMakeFiles/CMakeTmp

Run Build Command(s):/usr/bin/make cmTC_614dd/fast && /usr/bin/make  -f CMakeFiles/cmTC_614dd.dir/build.make CMakeFiles/cmTC_614dd.dir/build
make[1]: Entering directory '/home/ariasjoshua/Desktop/Projects/BlinkPlease/build/CMakeFiles/CMakeTmp'
Building C object CMakeFiles/cmTC_614dd.dir/CheckFunctionExists.c.o
/usr/bin/cc   -DCHECK_FUNCTION_EXISTS=sgemm_ -o CMakeFiles/cmTC_614dd.dir/CheckFunctionExists.c.o -c /opt/cmake-3.19.5-Linux-x86_64/share/cmake-3.19/Modules/CheckFunctionExists.c
Linking C executable cmTC_614dd
/opt/cmake-3.19.5-Linux-x86_64/bin/cmake -E cmake_link_script CMakeFiles/cmTC_614dd.dir/link.txt --verbose=1
/usr/bin/cc  -DCHECK_FUNCTION_EXISTS=sgemm_ -rdynamic CMakeFiles/cmTC_614dd.dir/CheckFunctionExists.c.o -o cmTC_614dd 
CMakeFiles/cmTC_614dd.dir/CheckFunctionExists.c.o: In function `main':
CheckFunctionExists.c:(.text+0x10): undefined reference to `sgemm_'
collect2: error: ld returned 1 exit status
CMakeFiles/cmTC_614dd.dir/build.make:105: recipe for target 'cmTC_614dd' failed
make[1]: *** [cmTC_614dd] Error 1
make[1]: Leaving directory '/home/ariasjoshua/Desktop/Projects/BlinkPlease/build/CMakeFiles/CMakeTmp'
Makefile:140: recipe for target 'cmTC_614dd/fast' failed
make: *** [cmTC_614dd/fast] Error 2



